<?xml version="1.0" encoding="UTF-8"?>
<!-- Generated by org.testng.reporters.JUnitReportReporter -->
<testsuite hostname="LAPTOP-53CVDCND" failures="0" tests="5" name="qa.HDFCBank.TestCases.TC_LoginDDT_02" time="63.483" errors="0" timestamp="2022-11-15T11:11:21 IST" skipped="0">
  <testcase classname="qa.HDFCBank.TestCases.TC_LoginDDT_02" name="loginDDTTest" time="12.254"/>
  <system-out/>
  <testcase classname="qa.HDFCBank.TestCases.TC_LoginDDT_02" name="loginDDTTest" time="13.368"/>
  <system-out/>
  <testcase classname="qa.HDFCBank.TestCases.TC_LoginDDT_02" name="loginDDTTest" time="10.699"/>
  <system-out/>
  <testcase classname="qa.HDFCBank.TestCases.TC_LoginDDT_02" name="loginDDTTest" time="14.591"/>
  <system-out/>
  <testcase classname="qa.HDFCBank.TestCases.TC_LoginDDT_02" name="loginDDTTest" time="12.571"/>
  <system-out/>
</testsuite> <!-- qa.HDFCBank.TestCases.TC_LoginDDT_02 -->
