<?xml version="1.0" encoding="UTF-8"?>
<!-- Generated by org.testng.reporters.JUnitReportReporter -->
<testsuite hostname="LAPTOP-53CVDCND" failures="0" tests="4" name="qa.HDFCBank.TestCases.TC_Login_01" time="53.004" errors="0" timestamp="2022-11-27T21:27:12 IST" skipped="0">
  <testcase classname="qa.HDFCBank.TestCases.TC_Login_01" name="loginTest" time="13.316"/>
  <system-out/>
  <testcase classname="qa.HDFCBank.TestCases.TC_Login_01" name="loginTest" time="13.167"/>
  <system-out/>
  <testcase classname="qa.HDFCBank.TestCases.TC_Login_01" name="resetTest" time="13.696"/>
  <system-out/>
  <testcase classname="qa.HDFCBank.TestCases.TC_Login_01" name="loginTest" time="12.825"/>
  <system-out/>
</testsuite> <!-- qa.HDFCBank.TestCases.TC_Login_01 -->
