<?xml version="1.0" encoding="UTF-8"?>
<!-- Generated by org.testng.reporters.JUnitReportReporter -->
<testsuite hostname="LAPTOP-53CVDCND" failures="0" tests="4" name="qa.HDFCBank.TestCases.TC_Login_01" time="51.834" errors="0" timestamp="2022-11-21T21:48:50 IST" skipped="0">
  <testcase classname="qa.HDFCBank.TestCases.TC_Login_01" name="loginTest" time="12.984"/>
  <system-out/>
  <testcase classname="qa.HDFCBank.TestCases.TC_Login_01" name="loginTest" time="13.892"/>
  <system-out/>
  <testcase classname="qa.HDFCBank.TestCases.TC_Login_01" name="loginTest" time="12.689"/>
  <system-out/>
  <testcase classname="qa.HDFCBank.TestCases.TC_Login_01" name="resetTest" time="12.269"/>
  <system-out/>
</testsuite> <!-- qa.HDFCBank.TestCases.TC_Login_01 -->
