<?xml version="1.0" encoding="UTF-8"?>
<!-- Generated by org.testng.reporters.JUnitReportReporter -->
<testsuite hostname="LAPTOP-53CVDCND" failures="0" tests="4" name="qa.HDFCBank.TestCases.TC_Login_01" time="74.514" errors="0" timestamp="2022-11-21T19:06:11 IST" skipped="0">
  <testcase classname="qa.HDFCBank.TestCases.TC_Login_01" name="loginTest" time="18.688"/>
  <system-out/>
  <testcase classname="qa.HDFCBank.TestCases.TC_Login_01" name="loginTest" time="20.257"/>
  <system-out/>
  <testcase classname="qa.HDFCBank.TestCases.TC_Login_01" name="loginTest" time="18.070"/>
  <system-out/>
  <testcase classname="qa.HDFCBank.TestCases.TC_Login_01" name="resetTest" time="17.499"/>
  <system-out/>
</testsuite> <!-- qa.HDFCBank.TestCases.TC_Login_01 -->
